<?xml version="1.0" encoding="UTF-8" ?>
<testsuite tests="25" failures="0" name="testsImplementation.RunCucumberTest" time="132.624" errors="0" skipped="0">
  <properties>
[...]
</properties>
  <testcase classname="testing adding product to the cart" name="User adds selected product to the cart #1" time="6.039"/>
  <testcase classname="testing adding product to the cart" name="User adds selected product to the cart #2" time="5.607"/>
  <testcase classname="testing adding product to the cart" name="User adds selected product to the cart #3" time="4.747"/>
  <testcase classname="testing purchase confirmation" name="User selects product and adds it to the cart, #1" time="8.325"/>
  <testcase classname="testing purchase confirmation" name="User selects product and adds it to the cart, #2" time="8.796"/>
  <testcase classname="testing filling up the place order form and Purchase button" name="User fills up Place Order form #1" time="4.588"/>
  <testcase classname="testing filling up the place order form and Purchase button" name="User fills up Place Order form #2" time="4.447"/>
  <testcase classname="testing logging in and product buying processes of the site" name="User opens home page of the tested site," time="10.965"/>
  <testcase classname="testing logging in mechanism of the tested site" name="User logs in at different pages of the tested site #1" time="5.134"/>
  <testcase classname="testing logging in mechanism of the tested site" name="User logs in at different pages of the tested site #2" time="6.636"/>
  <testcase classname="testing logging in mechanism of the tested site" name="User logs in at different pages of the tested site #3" time="4.796"/>
  <testcase classname="testing logging in mechanism of the tested site" name="User logs in at different pages of the tested site #4" time="5.942"/>
  <testcase classname="testing cart section and Place Order button" name="User opens cart section #1" time="4.782"/>
  <testcase classname="testing cart section and Place Order button" name="User opens cart section #2" time="4.608"/>
  <testcase classname="testing cart section and Place Order button" name="User opens cart section #3" time="4.69"/>
  <testcase classname="testing cart section and Place Order button" name="User is at the cart page and clicks Place Order button" time="3.884"/>
  <testcase classname="testing category selection at the home page of the tested site" name="User selects different categories at home page #1" time="3.269"/>
  <testcase classname="testing category selection at the home page of the tested site" name="User selects different categories at home page #2" time="3.078"/>
  <testcase classname="testing category selection at the home page of the tested site" name="User selects different categories at home page #3" time="2.85"/>
  <testcase classname="testing product selection at the home page of the tested site" name="User selects different products #1" time="4.716"/>
  <testcase classname="testing product selection at the home page of the tested site" name="User selects different products #2" time="4.894"/>
  <testcase classname="testing product selection at the home page of the tested site" name="User selects different products #3" time="5.156"/>
  <testcase classname="testing product selection at the home page of the tested site" name="User selects products after category selection #1" time="5.334"/>
  <testcase classname="testing product selection at the home page of the tested site" name="User selects products after category selection #2" time="4.747"/>
  <testcase classname="testing product selection at the home page of the tested site" name="User selects products after category selection #3" time="4.594"/>
</testsuite>